E:\PROJECT\WONDERLANDNET\SEVER - SQL\DEBUG\WONDERLANDSEVER.EXE
E:\PROJECT\WONDERLANDNET\SEVER - SQL\DEBUG\WONDERLANDSEVER.ILK
E:\PROJECT\WONDERLANDNET\SEVER - SQL\DEBUG\WONDERLANDSEVER.PDB
E:\PROJECT\WONDERLANDNET\SEVER - SQL\WONDERLANDSEVER\DEBUG\_FINDFIRST.OBJ
E:\PROJECT\WONDERLANDNET\SEVER - SQL\WONDERLANDSEVER\DEBUG\BITSTREAM.OBJ
E:\PROJECT\WONDERLANDNET\SEVER - SQL\WONDERLANDSEVER\DEBUG\CCRAKNETSLIDINGWINDOW.OBJ
E:\PROJECT\WONDERLANDNET\SEVER - SQL\WONDERLANDSEVER\DEBUG\CCRAKNETUDT.OBJ
E:\PROJECT\WONDERLANDNET\SEVER - SQL\WONDERLANDSEVER\DEBUG\CHECKSUM.OBJ
E:\Project\WonderLandNet\Sever - sql\wonderLandSever\Debug\cl.command.1.tlog
E:\Project\WonderLandNet\Sever - sql\wonderLandSever\Debug\CL.read.1.tlog
E:\Project\WonderLandNet\Sever - sql\wonderLandSever\Debug\CL.write.1.tlog
E:\PROJECT\WONDERLANDNET\SEVER - SQL\WONDERLANDSEVER\DEBUG\CLOUDCLIENT.OBJ
E:\PROJECT\WONDERLANDNET\SEVER - SQL\WONDERLANDSEVER\DEBUG\CLOUDCOMMON.OBJ
E:\PROJECT\WONDERLANDNET\SEVER - SQL\WONDERLANDSEVER\DEBUG\CLOUDSERVER.OBJ
E:\PROJECT\WONDERLANDNET\SEVER - SQL\WONDERLANDSEVER\DEBUG\COMMANDPARSERINTERFACE.OBJ
E:\PROJECT\WONDERLANDNET\SEVER - SQL\WONDERLANDSEVER\DEBUG\CONNECTIONGRAPH2.OBJ
E:\PROJECT\WONDERLANDNET\SEVER - SQL\WONDERLANDSEVER\DEBUG\CONSOLESERVER.OBJ
E:\PROJECT\WONDERLANDNET\SEVER - SQL\WONDERLANDSEVER\DEBUG\DATACOMPRESSOR.OBJ
E:\PROJECT\WONDERLANDNET\SEVER - SQL\WONDERLANDSEVER\DEBUG\DIRECTORYDELTATRANSFER.OBJ
E:\PROJECT\WONDERLANDNET\SEVER - SQL\WONDERLANDSEVER\DEBUG\DS_BYTEPOOL.OBJ
E:\PROJECT\WONDERLANDNET\SEVER - SQL\WONDERLANDSEVER\DEBUG\DS_BYTEQUEUE.OBJ
E:\PROJECT\WONDERLANDNET\SEVER - SQL\WONDERLANDSEVER\DEBUG\DS_HUFFMANENCODINGTREE.OBJ
E:\PROJECT\WONDERLANDNET\SEVER - SQL\WONDERLANDSEVER\DEBUG\DS_TABLE.OBJ
E:\PROJECT\WONDERLANDNET\SEVER - SQL\WONDERLANDSEVER\DEBUG\DYNDNS.OBJ
E:\PROJECT\WONDERLANDNET\SEVER - SQL\WONDERLANDSEVER\DEBUG\EMAILSENDER.OBJ
E:\PROJECT\WONDERLANDNET\SEVER - SQL\WONDERLANDSEVER\DEBUG\ENCODECLASSNAME.OBJ
E:\PROJECT\WONDERLANDNET\SEVER - SQL\WONDERLANDSEVER\DEBUG\EPOCHTIMETOSTRING.OBJ
E:\PROJECT\WONDERLANDNET\SEVER - SQL\WONDERLANDSEVER\DEBUG\FILELIST.OBJ
E:\PROJECT\WONDERLANDNET\SEVER - SQL\WONDERLANDSEVER\DEBUG\FILELISTTRANSFER.OBJ
E:\PROJECT\WONDERLANDNET\SEVER - SQL\WONDERLANDSEVER\DEBUG\FILEOPERATIONS.OBJ
E:\PROJECT\WONDERLANDNET\SEVER - SQL\WONDERLANDSEVER\DEBUG\FORMATSTRING.OBJ
E:\PROJECT\WONDERLANDNET\SEVER - SQL\WONDERLANDSEVER\DEBUG\FULLYCONNECTEDMESH2.OBJ
E:\PROJECT\WONDERLANDNET\SEVER - SQL\WONDERLANDSEVER\DEBUG\GETCHE.OBJ
E:\PROJECT\WONDERLANDNET\SEVER - SQL\WONDERLANDSEVER\DEBUG\GETS.OBJ
E:\PROJECT\WONDERLANDNET\SEVER - SQL\WONDERLANDSEVER\DEBUG\GETTIME.OBJ
E:\PROJECT\WONDERLANDNET\SEVER - SQL\WONDERLANDSEVER\DEBUG\GETTIMEOFDAY.OBJ
E:\PROJECT\WONDERLANDNET\SEVER - SQL\WONDERLANDSEVER\DEBUG\GRIDSECTORIZER.OBJ
E:\PROJECT\WONDERLANDNET\SEVER - SQL\WONDERLANDSEVER\DEBUG\HTTPCONNECTION.OBJ
E:\PROJECT\WONDERLANDNET\SEVER - SQL\WONDERLANDSEVER\DEBUG\INCREMENTALREADINTERFACE.OBJ
E:\PROJECT\WONDERLANDNET\SEVER - SQL\WONDERLANDSEVER\DEBUG\ITOA.OBJ
E:\Project\WonderLandNet\Sever - sql\wonderLandSever\Debug\link.command.1.tlog
E:\Project\WonderLandNet\Sever - sql\wonderLandSever\Debug\link.read.1.tlog
E:\Project\WonderLandNet\Sever - sql\wonderLandSever\Debug\link.write.1.tlog
E:\Project\WonderLandNet\Sever - sql\wonderLandSever\Debug\link-cvtres.read.1.tlog
E:\Project\WonderLandNet\Sever - sql\wonderLandSever\Debug\link-cvtres.write.1.tlog
E:\PROJECT\WONDERLANDNET\SEVER - SQL\WONDERLANDSEVER\DEBUG\LINUXSTRINGS.OBJ
E:\PROJECT\WONDERLANDNET\SEVER - SQL\WONDERLANDSEVER\DEBUG\LOCKLESSTYPES.OBJ
E:\PROJECT\WONDERLANDNET\SEVER - SQL\WONDERLANDSEVER\DEBUG\LOGCOMMANDPARSER.OBJ
E:\PROJECT\WONDERLANDNET\SEVER - SQL\WONDERLANDSEVER\DEBUG\MAIN.OBJ
E:\PROJECT\WONDERLANDNET\SEVER - SQL\WONDERLANDSEVER\DEBUG\MESSAGEFILTER.OBJ
E:\Project\WonderLandNet\Sever - sql\wonderLandSever\Debug\mt.command.1.tlog
E:\Project\WonderLandNet\Sever - sql\wonderLandSever\Debug\mt.read.1.tlog
E:\Project\WonderLandNet\Sever - sql\wonderLandSever\Debug\mt.write.1.tlog
E:\PROJECT\WONDERLANDNET\SEVER - SQL\WONDERLANDSEVER\DEBUG\NATPUNCHTHROUGHCLIENT.OBJ
E:\PROJECT\WONDERLANDNET\SEVER - SQL\WONDERLANDSEVER\DEBUG\NATPUNCHTHROUGHSERVER.OBJ
E:\PROJECT\WONDERLANDNET\SEVER - SQL\WONDERLANDSEVER\DEBUG\NATTYPEDETECTIONCLIENT.OBJ
E:\PROJECT\WONDERLANDNET\SEVER - SQL\WONDERLANDSEVER\DEBUG\NATTYPEDETECTIONCOMMON.OBJ
E:\PROJECT\WONDERLANDNET\SEVER - SQL\WONDERLANDSEVER\DEBUG\NATTYPEDETECTIONSERVER.OBJ
E:\PROJECT\WONDERLANDNET\SEVER - SQL\WONDERLANDSEVER\DEBUG\NETCLIENT.OBJ
E:\PROJECT\WONDERLANDNET\SEVER - SQL\WONDERLANDSEVER\DEBUG\NETSEVER.OBJ
E:\PROJECT\WONDERLANDNET\SEVER - SQL\WONDERLANDSEVER\DEBUG\NETWORKIDMANAGER.OBJ
E:\PROJECT\WONDERLANDNET\SEVER - SQL\WONDERLANDSEVER\DEBUG\NETWORKIDOBJECT.OBJ
E:\PROJECT\WONDERLANDNET\SEVER - SQL\WONDERLANDSEVER\DEBUG\PACKETCONSOLELOGGER.OBJ
E:\PROJECT\WONDERLANDNET\SEVER - SQL\WONDERLANDSEVER\DEBUG\PACKETFILELOGGER.OBJ
E:\PROJECT\WONDERLANDNET\SEVER - SQL\WONDERLANDSEVER\DEBUG\PACKETIZEDTCP.OBJ
E:\PROJECT\WONDERLANDNET\SEVER - SQL\WONDERLANDSEVER\DEBUG\PACKETLOGGER.OBJ
E:\PROJECT\WONDERLANDNET\SEVER - SQL\WONDERLANDSEVER\DEBUG\PACKETOUTPUTWINDOWLOGGER.OBJ
E:\PROJECT\WONDERLANDNET\SEVER - SQL\WONDERLANDSEVER\DEBUG\PLUGININTERFACE2.OBJ
E:\PROJECT\WONDERLANDNET\SEVER - SQL\WONDERLANDSEVER\DEBUG\RACKSPACE.OBJ
E:\PROJECT\WONDERLANDNET\SEVER - SQL\WONDERLANDSEVER\DEBUG\RAKMEMORYOVERRIDE.OBJ
E:\PROJECT\WONDERLANDNET\SEVER - SQL\WONDERLANDSEVER\DEBUG\RAKNETCOMMANDPARSER.OBJ
E:\PROJECT\WONDERLANDNET\SEVER - SQL\WONDERLANDSEVER\DEBUG\RAKNETSOCKET.OBJ
E:\PROJECT\WONDERLANDNET\SEVER - SQL\WONDERLANDSEVER\DEBUG\RAKNETSTATISTICS.OBJ
E:\PROJECT\WONDERLANDNET\SEVER - SQL\WONDERLANDSEVER\DEBUG\RAKNETTRANSPORT2.OBJ
E:\PROJECT\WONDERLANDNET\SEVER - SQL\WONDERLANDSEVER\DEBUG\RAKNETTYPES.OBJ
E:\PROJECT\WONDERLANDNET\SEVER - SQL\WONDERLANDSEVER\DEBUG\RAKPEER.OBJ
E:\PROJECT\WONDERLANDNET\SEVER - SQL\WONDERLANDSEVER\DEBUG\RAKSLEEP.OBJ
E:\PROJECT\WONDERLANDNET\SEVER - SQL\WONDERLANDSEVER\DEBUG\RAKSTRING.OBJ
E:\PROJECT\WONDERLANDNET\SEVER - SQL\WONDERLANDSEVER\DEBUG\RAKTHREAD.OBJ
E:\PROJECT\WONDERLANDNET\SEVER - SQL\WONDERLANDSEVER\DEBUG\RAKWSTRING.OBJ
E:\PROJECT\WONDERLANDNET\SEVER - SQL\WONDERLANDSEVER\DEBUG\RAND.OBJ
E:\Project\WonderLandNet\Sever - sql\wonderLandSever\Debug\rc.command.1.tlog
E:\Project\WonderLandNet\Sever - sql\wonderLandSever\Debug\rc.read.1.tlog
E:\Project\WonderLandNet\Sever - sql\wonderLandSever\Debug\rc.write.1.tlog
E:\PROJECT\WONDERLANDNET\SEVER - SQL\WONDERLANDSEVER\DEBUG\RDLMALLOC.OBJ
E:\PROJECT\WONDERLANDNET\SEVER - SQL\WONDERLANDSEVER\DEBUG\READYEVENT.OBJ
E:\PROJECT\WONDERLANDNET\SEVER - SQL\WONDERLANDSEVER\DEBUG\RELIABILITYLAYER.OBJ
E:\PROJECT\WONDERLANDNET\SEVER - SQL\WONDERLANDSEVER\DEBUG\REPLICAMANAGER3.OBJ
E:\PROJECT\WONDERLANDNET\SEVER - SQL\WONDERLANDSEVER\DEBUG\ROUTER2.OBJ
E:\PROJECT\WONDERLANDNET\SEVER - SQL\WONDERLANDSEVER\DEBUG\RPC4PLUGIN.OBJ
E:\PROJECT\WONDERLANDNET\SEVER - SQL\WONDERLANDSEVER\DEBUG\SECUREHANDSHAKE.OBJ
E:\PROJECT\WONDERLANDNET\SEVER - SQL\WONDERLANDSEVER\DEBUG\SENDTOTHREAD.OBJ
E:\PROJECT\WONDERLANDNET\SEVER - SQL\WONDERLANDSEVER\DEBUG\SHA1.OBJ
E:\PROJECT\WONDERLANDNET\SEVER - SQL\WONDERLANDSEVER\DEBUG\SIGNALEDEVENT.OBJ
E:\PROJECT\WONDERLANDNET\SEVER - SQL\WONDERLANDSEVER\DEBUG\SIMPLEMUTEX.OBJ
E:\PROJECT\WONDERLANDNET\SEVER - SQL\WONDERLANDSEVER\DEBUG\SOCKETLAYER.OBJ
E:\PROJECT\WONDERLANDNET\SEVER - SQL\WONDERLANDSEVER\DEBUG\SQLSERVER.OBJ
E:\PROJECT\WONDERLANDNET\SEVER - SQL\WONDERLANDSEVER\DEBUG\STATISTICSHISTORY.OBJ
E:\PROJECT\WONDERLANDNET\SEVER - SQL\WONDERLANDSEVER\DEBUG\STRINGCOMPRESSOR.OBJ
E:\PROJECT\WONDERLANDNET\SEVER - SQL\WONDERLANDSEVER\DEBUG\STRINGTABLE.OBJ
E:\PROJECT\WONDERLANDNET\SEVER - SQL\WONDERLANDSEVER\DEBUG\SUPERFASTHASH.OBJ
E:\PROJECT\WONDERLANDNET\SEVER - SQL\WONDERLANDSEVER\DEBUG\TABLESERIALIZER.OBJ
E:\PROJECT\WONDERLANDNET\SEVER - SQL\WONDERLANDSEVER\DEBUG\TCPINTERFACE.OBJ
E:\PROJECT\WONDERLANDNET\SEVER - SQL\WONDERLANDSEVER\DEBUG\TEAMBALANCER.OBJ
E:\PROJECT\WONDERLANDNET\SEVER - SQL\WONDERLANDSEVER\DEBUG\TEAMMANAGER.OBJ
E:\PROJECT\WONDERLANDNET\SEVER - SQL\WONDERLANDSEVER\DEBUG\TELNETTRANSPORT.OBJ
E:\PROJECT\WONDERLANDNET\SEVER - SQL\WONDERLANDSEVER\DEBUG\THREADSAFEPACKETLOGGER.OBJ
E:\PROJECT\WONDERLANDNET\SEVER - SQL\WONDERLANDSEVER\DEBUG\TWOWAYAUTHENTICATION.OBJ
E:\PROJECT\WONDERLANDNET\SEVER - SQL\WONDERLANDSEVER\DEBUG\UDPFORWARDER.OBJ
E:\PROJECT\WONDERLANDNET\SEVER - SQL\WONDERLANDSEVER\DEBUG\UDPPROXYCLIENT.OBJ
E:\PROJECT\WONDERLANDNET\SEVER - SQL\WONDERLANDSEVER\DEBUG\UDPPROXYCOORDINATOR.OBJ
E:\PROJECT\WONDERLANDNET\SEVER - SQL\WONDERLANDSEVER\DEBUG\UDPPROXYSERVER.OBJ
E:\PROJECT\WONDERLANDNET\SEVER - SQL\WONDERLANDSEVER\DEBUG\UTILITY.OBJ
E:\PROJECT\WONDERLANDNET\SEVER - SQL\WONDERLANDSEVER\DEBUG\VARIABLEDELTASERIALIZER.OBJ
E:\PROJECT\WONDERLANDNET\SEVER - SQL\WONDERLANDSEVER\DEBUG\VARIABLELISTDELTATRACKER.OBJ
E:\PROJECT\WONDERLANDNET\SEVER - SQL\WONDERLANDSEVER\DEBUG\VARIADICSQLPARSER.OBJ
E:\Project\WonderLandNet\Sever - sql\wonderLandSever\Debug\vc100.idb
E:\PROJECT\WONDERLANDNET\SEVER - SQL\WONDERLANDSEVER\DEBUG\VC100.PDB
E:\PROJECT\WONDERLANDNET\SEVER - SQL\WONDERLANDSEVER\DEBUG\VITAINCLUDES.OBJ
E:\PROJECT\WONDERLANDNET\SEVER - SQL\WONDERLANDSEVER\DEBUG\WONDERLANDSEVER.EXE.EMBED.MANIFEST
E:\PROJECT\WONDERLANDNET\SEVER - SQL\WONDERLANDSEVER\DEBUG\WONDERLANDSEVER.EXE.EMBED.MANIFEST.RES
E:\PROJECT\WONDERLANDNET\SEVER - SQL\WONDERLANDSEVER\DEBUG\WONDERLANDSEVER.EXE.INTERMEDIATE.MANIFEST
E:\Project\WonderLandNet\Sever - sql\wonderLandSever\Debug\wonderLandSever_manifest.rc
E:\PROJECT\WONDERLANDNET\SEVER - SQL\WONDERLANDSEVER\DEBUG\WSASTARTUPSINGLETON.OBJ
