E:\PROJECT\光盘内容\PROJECT-FINAL\WONDERLANDNET\CLIENT\RELEASE\WONDERLAND.EXE
E:\PROJECT\光盘内容\PROJECT-FINAL\WONDERLANDNET\CLIENT\RELEASE\WONDERLAND.PDB
E:\PROJECT\光盘内容\PROJECT-FINAL\WONDERLANDNET\CLIENT\WONDERLAND\RELEASE\_FINDFIRST.OBJ
E:\PROJECT\光盘内容\PROJECT-FINAL\WONDERLANDNET\CLIENT\WONDERLAND\RELEASE\BITSTREAM.OBJ
E:\PROJECT\光盘内容\PROJECT-FINAL\WONDERLANDNET\CLIENT\WONDERLAND\RELEASE\BUILDING.OBJ
E:\PROJECT\光盘内容\PROJECT-FINAL\WONDERLANDNET\CLIENT\WONDERLAND\RELEASE\BUILDINGCOMMENTCONTENT.OBJ
E:\PROJECT\光盘内容\PROJECT-FINAL\WONDERLANDNET\CLIENT\WONDERLAND\RELEASE\CCRAKNETSLIDINGWINDOW.OBJ
E:\PROJECT\光盘内容\PROJECT-FINAL\WONDERLANDNET\CLIENT\WONDERLAND\RELEASE\CCRAKNETUDT.OBJ
E:\PROJECT\光盘内容\PROJECT-FINAL\WONDERLANDNET\CLIENT\WONDERLAND\RELEASE\CHECKSUM.OBJ
E:\PROJECT\光盘内容\PROJECT-FINAL\WONDERLANDNET\CLIENT\WONDERLAND\RELEASE\CLOUDCLIENT.OBJ
E:\PROJECT\光盘内容\PROJECT-FINAL\WONDERLANDNET\CLIENT\WONDERLAND\RELEASE\CLOUDCOMMON.OBJ
E:\PROJECT\光盘内容\PROJECT-FINAL\WONDERLANDNET\CLIENT\WONDERLAND\RELEASE\CLOUDSERVER.OBJ
E:\PROJECT\光盘内容\PROJECT-FINAL\WONDERLANDNET\CLIENT\WONDERLAND\RELEASE\COMMANDPARSERINTERFACE.OBJ
E:\PROJECT\光盘内容\PROJECT-FINAL\WONDERLANDNET\CLIENT\WONDERLAND\RELEASE\CONNECTIONGRAPH2.OBJ
E:\PROJECT\光盘内容\PROJECT-FINAL\WONDERLANDNET\CLIENT\WONDERLAND\RELEASE\CONSOLESERVER.OBJ
E:\PROJECT\光盘内容\PROJECT-FINAL\WONDERLANDNET\CLIENT\WONDERLAND\RELEASE\DATACOMPRESSOR.OBJ
E:\PROJECT\光盘内容\PROJECT-FINAL\WONDERLANDNET\CLIENT\WONDERLAND\RELEASE\DIRECTORYDELTATRANSFER.OBJ
E:\PROJECT\光盘内容\PROJECT-FINAL\WONDERLANDNET\CLIENT\WONDERLAND\RELEASE\DS_BYTEPOOL.OBJ
E:\PROJECT\光盘内容\PROJECT-FINAL\WONDERLANDNET\CLIENT\WONDERLAND\RELEASE\DS_BYTEQUEUE.OBJ
E:\PROJECT\光盘内容\PROJECT-FINAL\WONDERLANDNET\CLIENT\WONDERLAND\RELEASE\DS_HUFFMANENCODINGTREE.OBJ
E:\PROJECT\光盘内容\PROJECT-FINAL\WONDERLANDNET\CLIENT\WONDERLAND\RELEASE\DS_TABLE.OBJ
E:\PROJECT\光盘内容\PROJECT-FINAL\WONDERLANDNET\CLIENT\WONDERLAND\RELEASE\DYNDNS.OBJ
E:\PROJECT\光盘内容\PROJECT-FINAL\WONDERLANDNET\CLIENT\WONDERLAND\RELEASE\EMAILSENDER.OBJ
E:\PROJECT\光盘内容\PROJECT-FINAL\WONDERLANDNET\CLIENT\WONDERLAND\RELEASE\ENCODECLASSNAME.OBJ
E:\PROJECT\光盘内容\PROJECT-FINAL\WONDERLANDNET\CLIENT\WONDERLAND\RELEASE\EPOCHTIMETOSTRING.OBJ
E:\PROJECT\光盘内容\PROJECT-FINAL\WONDERLANDNET\CLIENT\WONDERLAND\RELEASE\FILELIST.OBJ
E:\PROJECT\光盘内容\PROJECT-FINAL\WONDERLANDNET\CLIENT\WONDERLAND\RELEASE\FILELISTTRANSFER.OBJ
E:\PROJECT\光盘内容\PROJECT-FINAL\WONDERLANDNET\CLIENT\WONDERLAND\RELEASE\FILEOPERATIONS.OBJ
E:\PROJECT\光盘内容\PROJECT-FINAL\WONDERLANDNET\CLIENT\WONDERLAND\RELEASE\FILETRANSPER.OBJ
E:\PROJECT\光盘内容\PROJECT-FINAL\WONDERLANDNET\CLIENT\WONDERLAND\RELEASE\FORMATSTRING.OBJ
E:\PROJECT\光盘内容\PROJECT-FINAL\WONDERLANDNET\CLIENT\WONDERLAND\RELEASE\FULLYCONNECTEDMESH2.OBJ
E:\PROJECT\光盘内容\PROJECT-FINAL\WONDERLANDNET\CLIENT\WONDERLAND\RELEASE\GETCHE.OBJ
E:\PROJECT\光盘内容\PROJECT-FINAL\WONDERLANDNET\CLIENT\WONDERLAND\RELEASE\GETS.OBJ
E:\PROJECT\光盘内容\PROJECT-FINAL\WONDERLANDNET\CLIENT\WONDERLAND\RELEASE\GETTIME.OBJ
E:\PROJECT\光盘内容\PROJECT-FINAL\WONDERLANDNET\CLIENT\WONDERLAND\RELEASE\GETTIMEOFDAY.OBJ
E:\PROJECT\光盘内容\PROJECT-FINAL\WONDERLANDNET\CLIENT\WONDERLAND\RELEASE\GRIDSECTORIZER.OBJ
E:\PROJECT\光盘内容\PROJECT-FINAL\WONDERLANDNET\CLIENT\WONDERLAND\RELEASE\GUI.OBJ
E:\PROJECT\光盘内容\PROJECT-FINAL\WONDERLANDNET\CLIENT\WONDERLAND\RELEASE\HTTPCONNECTION.OBJ
E:\PROJECT\光盘内容\PROJECT-FINAL\WONDERLANDNET\CLIENT\WONDERLAND\RELEASE\INCREMENTALREADINTERFACE.OBJ
E:\PROJECT\光盘内容\PROJECT-FINAL\WONDERLANDNET\CLIENT\WONDERLAND\RELEASE\ITOA.OBJ
E:\PROJECT\光盘内容\PROJECT-FINAL\WONDERLANDNET\CLIENT\WONDERLAND\RELEASE\LANDMENU.OBJ
E:\PROJECT\光盘内容\PROJECT-FINAL\WONDERLANDNET\CLIENT\WONDERLAND\RELEASE\LINUXSTRINGS.OBJ
E:\PROJECT\光盘内容\PROJECT-FINAL\WONDERLANDNET\CLIENT\WONDERLAND\RELEASE\LOCKLESSTYPES.OBJ
E:\PROJECT\光盘内容\PROJECT-FINAL\WONDERLANDNET\CLIENT\WONDERLAND\RELEASE\LOGCOMMANDPARSER.OBJ
E:\PROJECT\光盘内容\PROJECT-FINAL\WONDERLANDNET\CLIENT\WONDERLAND\RELEASE\MAIN.OBJ
E:\PROJECT\光盘内容\PROJECT-FINAL\WONDERLANDNET\CLIENT\WONDERLAND\RELEASE\MESSAGEFILTER.OBJ
E:\PROJECT\光盘内容\PROJECT-FINAL\WONDERLANDNET\CLIENT\WONDERLAND\RELEASE\NATPUNCHTHROUGHCLIENT.OBJ
E:\PROJECT\光盘内容\PROJECT-FINAL\WONDERLANDNET\CLIENT\WONDERLAND\RELEASE\NATPUNCHTHROUGHSERVER.OBJ
E:\PROJECT\光盘内容\PROJECT-FINAL\WONDERLANDNET\CLIENT\WONDERLAND\RELEASE\NATTYPEDETECTIONCLIENT.OBJ
E:\PROJECT\光盘内容\PROJECT-FINAL\WONDERLANDNET\CLIENT\WONDERLAND\RELEASE\NATTYPEDETECTIONCOMMON.OBJ
E:\PROJECT\光盘内容\PROJECT-FINAL\WONDERLANDNET\CLIENT\WONDERLAND\RELEASE\NATTYPEDETECTIONSERVER.OBJ
E:\PROJECT\光盘内容\PROJECT-FINAL\WONDERLANDNET\CLIENT\WONDERLAND\RELEASE\NETCLIENT.OBJ
E:\PROJECT\光盘内容\PROJECT-FINAL\WONDERLANDNET\CLIENT\WONDERLAND\RELEASE\NETWORKIDMANAGER.OBJ
E:\PROJECT\光盘内容\PROJECT-FINAL\WONDERLANDNET\CLIENT\WONDERLAND\RELEASE\NETWORKIDOBJECT.OBJ
E:\PROJECT\光盘内容\PROJECT-FINAL\WONDERLANDNET\CLIENT\WONDERLAND\RELEASE\OTHERCLIENT.OBJ
E:\PROJECT\光盘内容\PROJECT-FINAL\WONDERLANDNET\CLIENT\WONDERLAND\RELEASE\PACKETCONSOLELOGGER.OBJ
E:\PROJECT\光盘内容\PROJECT-FINAL\WONDERLANDNET\CLIENT\WONDERLAND\RELEASE\PACKETFILELOGGER.OBJ
E:\PROJECT\光盘内容\PROJECT-FINAL\WONDERLANDNET\CLIENT\WONDERLAND\RELEASE\PACKETIZEDTCP.OBJ
E:\PROJECT\光盘内容\PROJECT-FINAL\WONDERLANDNET\CLIENT\WONDERLAND\RELEASE\PACKETLOGGER.OBJ
E:\PROJECT\光盘内容\PROJECT-FINAL\WONDERLANDNET\CLIENT\WONDERLAND\RELEASE\PACKETOUTPUTWINDOWLOGGER.OBJ
E:\PROJECT\光盘内容\PROJECT-FINAL\WONDERLANDNET\CLIENT\WONDERLAND\RELEASE\PLUGININTERFACE2.OBJ
E:\PROJECT\光盘内容\PROJECT-FINAL\WONDERLANDNET\CLIENT\WONDERLAND\RELEASE\RACKSPACE.OBJ
E:\PROJECT\光盘内容\PROJECT-FINAL\WONDERLANDNET\CLIENT\WONDERLAND\RELEASE\RAKMEMORYOVERRIDE.OBJ
E:\PROJECT\光盘内容\PROJECT-FINAL\WONDERLANDNET\CLIENT\WONDERLAND\RELEASE\RAKNETCOMMANDPARSER.OBJ
E:\PROJECT\光盘内容\PROJECT-FINAL\WONDERLANDNET\CLIENT\WONDERLAND\RELEASE\RAKNETSOCKET.OBJ
E:\PROJECT\光盘内容\PROJECT-FINAL\WONDERLANDNET\CLIENT\WONDERLAND\RELEASE\RAKNETSTATISTICS.OBJ
E:\PROJECT\光盘内容\PROJECT-FINAL\WONDERLANDNET\CLIENT\WONDERLAND\RELEASE\RAKNETTRANSPORT2.OBJ
E:\PROJECT\光盘内容\PROJECT-FINAL\WONDERLANDNET\CLIENT\WONDERLAND\RELEASE\RAKNETTYPES.OBJ
E:\PROJECT\光盘内容\PROJECT-FINAL\WONDERLANDNET\CLIENT\WONDERLAND\RELEASE\RAKPEER.OBJ
E:\PROJECT\光盘内容\PROJECT-FINAL\WONDERLANDNET\CLIENT\WONDERLAND\RELEASE\RAKSLEEP.OBJ
E:\PROJECT\光盘内容\PROJECT-FINAL\WONDERLANDNET\CLIENT\WONDERLAND\RELEASE\RAKSTRING.OBJ
E:\PROJECT\光盘内容\PROJECT-FINAL\WONDERLANDNET\CLIENT\WONDERLAND\RELEASE\RAKTHREAD.OBJ
E:\PROJECT\光盘内容\PROJECT-FINAL\WONDERLANDNET\CLIENT\WONDERLAND\RELEASE\RAKWSTRING.OBJ
E:\PROJECT\光盘内容\PROJECT-FINAL\WONDERLANDNET\CLIENT\WONDERLAND\RELEASE\RAND.OBJ
E:\PROJECT\光盘内容\PROJECT-FINAL\WONDERLANDNET\CLIENT\WONDERLAND\RELEASE\RDLMALLOC.OBJ
E:\PROJECT\光盘内容\PROJECT-FINAL\WONDERLANDNET\CLIENT\WONDERLAND\RELEASE\READYEVENT.OBJ
E:\PROJECT\光盘内容\PROJECT-FINAL\WONDERLANDNET\CLIENT\WONDERLAND\RELEASE\RELIABILITYLAYER.OBJ
E:\PROJECT\光盘内容\PROJECT-FINAL\WONDERLANDNET\CLIENT\WONDERLAND\RELEASE\REPLICAMANAGER3.OBJ
E:\PROJECT\光盘内容\PROJECT-FINAL\WONDERLANDNET\CLIENT\WONDERLAND\RELEASE\ROUTER2.OBJ
E:\PROJECT\光盘内容\PROJECT-FINAL\WONDERLANDNET\CLIENT\WONDERLAND\RELEASE\RPC4PLUGIN.OBJ
E:\PROJECT\光盘内容\PROJECT-FINAL\WONDERLANDNET\CLIENT\WONDERLAND\RELEASE\SCENE.OBJ
E:\PROJECT\光盘内容\PROJECT-FINAL\WONDERLANDNET\CLIENT\WONDERLAND\RELEASE\SECUREHANDSHAKE.OBJ
E:\PROJECT\光盘内容\PROJECT-FINAL\WONDERLANDNET\CLIENT\WONDERLAND\RELEASE\SENDTOTHREAD.OBJ
E:\PROJECT\光盘内容\PROJECT-FINAL\WONDERLANDNET\CLIENT\WONDERLAND\RELEASE\SHA1.OBJ
E:\PROJECT\光盘内容\PROJECT-FINAL\WONDERLANDNET\CLIENT\WONDERLAND\RELEASE\SIGNALEDEVENT.OBJ
E:\PROJECT\光盘内容\PROJECT-FINAL\WONDERLANDNET\CLIENT\WONDERLAND\RELEASE\SIMPLEMUTEX.OBJ
E:\PROJECT\光盘内容\PROJECT-FINAL\WONDERLANDNET\CLIENT\WONDERLAND\RELEASE\SOCKETLAYER.OBJ
E:\PROJECT\光盘内容\PROJECT-FINAL\WONDERLANDNET\CLIENT\WONDERLAND\RELEASE\STATISTICSHISTORY.OBJ
E:\PROJECT\光盘内容\PROJECT-FINAL\WONDERLANDNET\CLIENT\WONDERLAND\RELEASE\STRINGCOMPRESSOR.OBJ
E:\PROJECT\光盘内容\PROJECT-FINAL\WONDERLANDNET\CLIENT\WONDERLAND\RELEASE\STRINGTABLE.OBJ
E:\PROJECT\光盘内容\PROJECT-FINAL\WONDERLANDNET\CLIENT\WONDERLAND\RELEASE\SUPERFASTHASH.OBJ
E:\PROJECT\光盘内容\PROJECT-FINAL\WONDERLANDNET\CLIENT\WONDERLAND\RELEASE\TABLESERIALIZER.OBJ
E:\PROJECT\光盘内容\PROJECT-FINAL\WONDERLANDNET\CLIENT\WONDERLAND\RELEASE\TCPINTERFACE.OBJ
E:\PROJECT\光盘内容\PROJECT-FINAL\WONDERLANDNET\CLIENT\WONDERLAND\RELEASE\TEAMBALANCER.OBJ
E:\PROJECT\光盘内容\PROJECT-FINAL\WONDERLANDNET\CLIENT\WONDERLAND\RELEASE\TEAMMANAGER.OBJ
E:\PROJECT\光盘内容\PROJECT-FINAL\WONDERLANDNET\CLIENT\WONDERLAND\RELEASE\TELNETTRANSPORT.OBJ
E:\PROJECT\光盘内容\PROJECT-FINAL\WONDERLANDNET\CLIENT\WONDERLAND\RELEASE\THREADSAFEPACKETLOGGER.OBJ
E:\PROJECT\光盘内容\PROJECT-FINAL\WONDERLANDNET\CLIENT\WONDERLAND\RELEASE\TWOWAYAUTHENTICATION.OBJ
E:\PROJECT\光盘内容\PROJECT-FINAL\WONDERLANDNET\CLIENT\WONDERLAND\RELEASE\UDPFORWARDER.OBJ
E:\PROJECT\光盘内容\PROJECT-FINAL\WONDERLANDNET\CLIENT\WONDERLAND\RELEASE\UDPPROXYCLIENT.OBJ
E:\PROJECT\光盘内容\PROJECT-FINAL\WONDERLANDNET\CLIENT\WONDERLAND\RELEASE\UDPPROXYCOORDINATOR.OBJ
E:\PROJECT\光盘内容\PROJECT-FINAL\WONDERLANDNET\CLIENT\WONDERLAND\RELEASE\UDPPROXYSERVER.OBJ
E:\PROJECT\光盘内容\PROJECT-FINAL\WONDERLANDNET\CLIENT\WONDERLAND\RELEASE\UTILITY.OBJ
E:\PROJECT\光盘内容\PROJECT-FINAL\WONDERLANDNET\CLIENT\WONDERLAND\RELEASE\VARIABLEDELTASERIALIZER.OBJ
E:\PROJECT\光盘内容\PROJECT-FINAL\WONDERLANDNET\CLIENT\WONDERLAND\RELEASE\VARIABLELISTDELTATRACKER.OBJ
E:\PROJECT\光盘内容\PROJECT-FINAL\WONDERLANDNET\CLIENT\WONDERLAND\RELEASE\VARIADICSQLPARSER.OBJ
E:\PROJECT\光盘内容\PROJECT-FINAL\WONDERLANDNET\CLIENT\WONDERLAND\RELEASE\VC100.PDB
E:\PROJECT\光盘内容\PROJECT-FINAL\WONDERLANDNET\CLIENT\WONDERLAND\RELEASE\VITAINCLUDES.OBJ
E:\PROJECT\光盘内容\PROJECT-FINAL\WONDERLANDNET\CLIENT\WONDERLAND\RELEASE\WONDERLAND.EXE.INTERMEDIATE.MANIFEST
E:\PROJECT\光盘内容\PROJECT-FINAL\WONDERLANDNET\CLIENT\WONDERLAND\RELEASE\WONDERLAND.OBJ
E:\PROJECT\光盘内容\PROJECT-FINAL\WONDERLANDNET\CLIENT\WONDERLAND\RELEASE\WSASTARTUPSINGLETON.OBJ
F:\PROJECT-FINAL\WONDERLANDNET\CLIENT\RELEASE\WONDERLAND.EXE
F:\PROJECT-FINAL\WONDERLANDNET\CLIENT\RELEASE\WONDERLAND.PDB
F:\PROJECT-FINAL\WONDERLANDNET\CLIENT\WONDERLAND\RELEASE\_FINDFIRST.OBJ
F:\PROJECT-FINAL\WONDERLANDNET\CLIENT\WONDERLAND\RELEASE\BITSTREAM.OBJ
F:\PROJECT-FINAL\WONDERLANDNET\CLIENT\WONDERLAND\RELEASE\BUILDING.OBJ
F:\PROJECT-FINAL\WONDERLANDNET\CLIENT\WONDERLAND\RELEASE\BUILDINGCOMMENTCONTENT.OBJ
F:\PROJECT-FINAL\WONDERLANDNET\CLIENT\WONDERLAND\RELEASE\CCRAKNETSLIDINGWINDOW.OBJ
F:\PROJECT-FINAL\WONDERLANDNET\CLIENT\WONDERLAND\RELEASE\CCRAKNETUDT.OBJ
F:\PROJECT-FINAL\WONDERLANDNET\CLIENT\WONDERLAND\RELEASE\CHECKSUM.OBJ
F:\Project-Final\WonderLandNet\Client\WonderLand\Release\cl.command.1.tlog
F:\Project-Final\WonderLandNet\Client\WonderLand\Release\CL.read.1.tlog
F:\Project-Final\WonderLandNet\Client\WonderLand\Release\CL.write.1.tlog
F:\PROJECT-FINAL\WONDERLANDNET\CLIENT\WONDERLAND\RELEASE\CLOUDCLIENT.OBJ
F:\PROJECT-FINAL\WONDERLANDNET\CLIENT\WONDERLAND\RELEASE\CLOUDCOMMON.OBJ
F:\PROJECT-FINAL\WONDERLANDNET\CLIENT\WONDERLAND\RELEASE\CLOUDSERVER.OBJ
F:\PROJECT-FINAL\WONDERLANDNET\CLIENT\WONDERLAND\RELEASE\COMMANDPARSERINTERFACE.OBJ
F:\PROJECT-FINAL\WONDERLANDNET\CLIENT\WONDERLAND\RELEASE\CONNECTIONGRAPH2.OBJ
F:\PROJECT-FINAL\WONDERLANDNET\CLIENT\WONDERLAND\RELEASE\CONSOLESERVER.OBJ
F:\PROJECT-FINAL\WONDERLANDNET\CLIENT\WONDERLAND\RELEASE\DATACOMPRESSOR.OBJ
F:\PROJECT-FINAL\WONDERLANDNET\CLIENT\WONDERLAND\RELEASE\DIRECTORYDELTATRANSFER.OBJ
F:\PROJECT-FINAL\WONDERLANDNET\CLIENT\WONDERLAND\RELEASE\DS_BYTEPOOL.OBJ
F:\PROJECT-FINAL\WONDERLANDNET\CLIENT\WONDERLAND\RELEASE\DS_BYTEQUEUE.OBJ
F:\PROJECT-FINAL\WONDERLANDNET\CLIENT\WONDERLAND\RELEASE\DS_HUFFMANENCODINGTREE.OBJ
F:\PROJECT-FINAL\WONDERLANDNET\CLIENT\WONDERLAND\RELEASE\DS_TABLE.OBJ
F:\PROJECT-FINAL\WONDERLANDNET\CLIENT\WONDERLAND\RELEASE\DYNDNS.OBJ
F:\PROJECT-FINAL\WONDERLANDNET\CLIENT\WONDERLAND\RELEASE\EMAILSENDER.OBJ
F:\PROJECT-FINAL\WONDERLANDNET\CLIENT\WONDERLAND\RELEASE\ENCODECLASSNAME.OBJ
F:\PROJECT-FINAL\WONDERLANDNET\CLIENT\WONDERLAND\RELEASE\EPOCHTIMETOSTRING.OBJ
F:\PROJECT-FINAL\WONDERLANDNET\CLIENT\WONDERLAND\RELEASE\FILELIST.OBJ
F:\PROJECT-FINAL\WONDERLANDNET\CLIENT\WONDERLAND\RELEASE\FILELISTTRANSFER.OBJ
F:\PROJECT-FINAL\WONDERLANDNET\CLIENT\WONDERLAND\RELEASE\FILEOPERATIONS.OBJ
F:\PROJECT-FINAL\WONDERLANDNET\CLIENT\WONDERLAND\RELEASE\FILETRANSPER.OBJ
F:\PROJECT-FINAL\WONDERLANDNET\CLIENT\WONDERLAND\RELEASE\FORMATSTRING.OBJ
F:\PROJECT-FINAL\WONDERLANDNET\CLIENT\WONDERLAND\RELEASE\FULLYCONNECTEDMESH2.OBJ
F:\PROJECT-FINAL\WONDERLANDNET\CLIENT\WONDERLAND\RELEASE\GETCHE.OBJ
F:\PROJECT-FINAL\WONDERLANDNET\CLIENT\WONDERLAND\RELEASE\GETS.OBJ
F:\PROJECT-FINAL\WONDERLANDNET\CLIENT\WONDERLAND\RELEASE\GETTIME.OBJ
F:\PROJECT-FINAL\WONDERLANDNET\CLIENT\WONDERLAND\RELEASE\GETTIMEOFDAY.OBJ
F:\PROJECT-FINAL\WONDERLANDNET\CLIENT\WONDERLAND\RELEASE\GRIDSECTORIZER.OBJ
F:\PROJECT-FINAL\WONDERLANDNET\CLIENT\WONDERLAND\RELEASE\GUI.OBJ
F:\PROJECT-FINAL\WONDERLANDNET\CLIENT\WONDERLAND\RELEASE\HTTPCONNECTION.OBJ
F:\PROJECT-FINAL\WONDERLANDNET\CLIENT\WONDERLAND\RELEASE\INCREMENTALREADINTERFACE.OBJ
F:\PROJECT-FINAL\WONDERLANDNET\CLIENT\WONDERLAND\RELEASE\ITOA.OBJ
F:\PROJECT-FINAL\WONDERLANDNET\CLIENT\WONDERLAND\RELEASE\LANDMENU.OBJ
F:\Project-Final\WonderLandNet\Client\WonderLand\Release\link.command.1.tlog
F:\Project-Final\WonderLandNet\Client\WonderLand\Release\link.read.1.tlog
F:\Project-Final\WonderLandNet\Client\WonderLand\Release\link.write.1.tlog
F:\PROJECT-FINAL\WONDERLANDNET\CLIENT\WONDERLAND\RELEASE\LINUXSTRINGS.OBJ
F:\PROJECT-FINAL\WONDERLANDNET\CLIENT\WONDERLAND\RELEASE\LOCKLESSTYPES.OBJ
F:\PROJECT-FINAL\WONDERLANDNET\CLIENT\WONDERLAND\RELEASE\LOGCOMMANDPARSER.OBJ
F:\PROJECT-FINAL\WONDERLANDNET\CLIENT\WONDERLAND\RELEASE\MAIN.OBJ
F:\PROJECT-FINAL\WONDERLANDNET\CLIENT\WONDERLAND\RELEASE\MESSAGEFILTER.OBJ
F:\Project-Final\WonderLandNet\Client\WonderLand\Release\mt.command.1.tlog
F:\Project-Final\WonderLandNet\Client\WonderLand\Release\mt.read.1.tlog
F:\Project-Final\WonderLandNet\Client\WonderLand\Release\mt.write.1.tlog
F:\PROJECT-FINAL\WONDERLANDNET\CLIENT\WONDERLAND\RELEASE\NATPUNCHTHROUGHCLIENT.OBJ
F:\PROJECT-FINAL\WONDERLANDNET\CLIENT\WONDERLAND\RELEASE\NATPUNCHTHROUGHSERVER.OBJ
F:\PROJECT-FINAL\WONDERLANDNET\CLIENT\WONDERLAND\RELEASE\NATTYPEDETECTIONCLIENT.OBJ
F:\PROJECT-FINAL\WONDERLANDNET\CLIENT\WONDERLAND\RELEASE\NATTYPEDETECTIONCOMMON.OBJ
F:\PROJECT-FINAL\WONDERLANDNET\CLIENT\WONDERLAND\RELEASE\NATTYPEDETECTIONSERVER.OBJ
F:\PROJECT-FINAL\WONDERLANDNET\CLIENT\WONDERLAND\RELEASE\NETCLIENT.OBJ
F:\PROJECT-FINAL\WONDERLANDNET\CLIENT\WONDERLAND\RELEASE\NETWORKIDMANAGER.OBJ
F:\PROJECT-FINAL\WONDERLANDNET\CLIENT\WONDERLAND\RELEASE\NETWORKIDOBJECT.OBJ
F:\PROJECT-FINAL\WONDERLANDNET\CLIENT\WONDERLAND\RELEASE\OTHERCLIENT.OBJ
F:\PROJECT-FINAL\WONDERLANDNET\CLIENT\WONDERLAND\RELEASE\PACKETCONSOLELOGGER.OBJ
F:\PROJECT-FINAL\WONDERLANDNET\CLIENT\WONDERLAND\RELEASE\PACKETFILELOGGER.OBJ
F:\PROJECT-FINAL\WONDERLANDNET\CLIENT\WONDERLAND\RELEASE\PACKETIZEDTCP.OBJ
F:\PROJECT-FINAL\WONDERLANDNET\CLIENT\WONDERLAND\RELEASE\PACKETLOGGER.OBJ
F:\PROJECT-FINAL\WONDERLANDNET\CLIENT\WONDERLAND\RELEASE\PACKETOUTPUTWINDOWLOGGER.OBJ
F:\PROJECT-FINAL\WONDERLANDNET\CLIENT\WONDERLAND\RELEASE\PLUGININTERFACE2.OBJ
F:\PROJECT-FINAL\WONDERLANDNET\CLIENT\WONDERLAND\RELEASE\RACKSPACE.OBJ
F:\PROJECT-FINAL\WONDERLANDNET\CLIENT\WONDERLAND\RELEASE\RAKMEMORYOVERRIDE.OBJ
F:\PROJECT-FINAL\WONDERLANDNET\CLIENT\WONDERLAND\RELEASE\RAKNETCOMMANDPARSER.OBJ
F:\PROJECT-FINAL\WONDERLANDNET\CLIENT\WONDERLAND\RELEASE\RAKNETSOCKET.OBJ
F:\PROJECT-FINAL\WONDERLANDNET\CLIENT\WONDERLAND\RELEASE\RAKNETSTATISTICS.OBJ
F:\PROJECT-FINAL\WONDERLANDNET\CLIENT\WONDERLAND\RELEASE\RAKNETTRANSPORT2.OBJ
F:\PROJECT-FINAL\WONDERLANDNET\CLIENT\WONDERLAND\RELEASE\RAKNETTYPES.OBJ
F:\PROJECT-FINAL\WONDERLANDNET\CLIENT\WONDERLAND\RELEASE\RAKPEER.OBJ
F:\PROJECT-FINAL\WONDERLANDNET\CLIENT\WONDERLAND\RELEASE\RAKSLEEP.OBJ
F:\PROJECT-FINAL\WONDERLANDNET\CLIENT\WONDERLAND\RELEASE\RAKSTRING.OBJ
F:\PROJECT-FINAL\WONDERLANDNET\CLIENT\WONDERLAND\RELEASE\RAKTHREAD.OBJ
F:\PROJECT-FINAL\WONDERLANDNET\CLIENT\WONDERLAND\RELEASE\RAKWSTRING.OBJ
F:\PROJECT-FINAL\WONDERLANDNET\CLIENT\WONDERLAND\RELEASE\RAND.OBJ
F:\PROJECT-FINAL\WONDERLANDNET\CLIENT\WONDERLAND\RELEASE\RDLMALLOC.OBJ
F:\PROJECT-FINAL\WONDERLANDNET\CLIENT\WONDERLAND\RELEASE\READYEVENT.OBJ
F:\PROJECT-FINAL\WONDERLANDNET\CLIENT\WONDERLAND\RELEASE\RELIABILITYLAYER.OBJ
F:\PROJECT-FINAL\WONDERLANDNET\CLIENT\WONDERLAND\RELEASE\REPLICAMANAGER3.OBJ
F:\PROJECT-FINAL\WONDERLANDNET\CLIENT\WONDERLAND\RELEASE\ROUTER2.OBJ
F:\PROJECT-FINAL\WONDERLANDNET\CLIENT\WONDERLAND\RELEASE\RPC4PLUGIN.OBJ
F:\PROJECT-FINAL\WONDERLANDNET\CLIENT\WONDERLAND\RELEASE\SCENE.OBJ
F:\PROJECT-FINAL\WONDERLANDNET\CLIENT\WONDERLAND\RELEASE\SECUREHANDSHAKE.OBJ
F:\PROJECT-FINAL\WONDERLANDNET\CLIENT\WONDERLAND\RELEASE\SENDTOTHREAD.OBJ
F:\PROJECT-FINAL\WONDERLANDNET\CLIENT\WONDERLAND\RELEASE\SHA1.OBJ
F:\PROJECT-FINAL\WONDERLANDNET\CLIENT\WONDERLAND\RELEASE\SIGNALEDEVENT.OBJ
F:\PROJECT-FINAL\WONDERLANDNET\CLIENT\WONDERLAND\RELEASE\SIMPLEMUTEX.OBJ
F:\PROJECT-FINAL\WONDERLANDNET\CLIENT\WONDERLAND\RELEASE\SOCKETLAYER.OBJ
F:\PROJECT-FINAL\WONDERLANDNET\CLIENT\WONDERLAND\RELEASE\STATISTICSHISTORY.OBJ
F:\PROJECT-FINAL\WONDERLANDNET\CLIENT\WONDERLAND\RELEASE\STRINGCOMPRESSOR.OBJ
F:\PROJECT-FINAL\WONDERLANDNET\CLIENT\WONDERLAND\RELEASE\STRINGTABLE.OBJ
F:\PROJECT-FINAL\WONDERLANDNET\CLIENT\WONDERLAND\RELEASE\SUPERFASTHASH.OBJ
F:\PROJECT-FINAL\WONDERLANDNET\CLIENT\WONDERLAND\RELEASE\TABLESERIALIZER.OBJ
F:\PROJECT-FINAL\WONDERLANDNET\CLIENT\WONDERLAND\RELEASE\TCPINTERFACE.OBJ
F:\PROJECT-FINAL\WONDERLANDNET\CLIENT\WONDERLAND\RELEASE\TEAMBALANCER.OBJ
F:\PROJECT-FINAL\WONDERLANDNET\CLIENT\WONDERLAND\RELEASE\TEAMMANAGER.OBJ
F:\PROJECT-FINAL\WONDERLANDNET\CLIENT\WONDERLAND\RELEASE\TELNETTRANSPORT.OBJ
F:\PROJECT-FINAL\WONDERLANDNET\CLIENT\WONDERLAND\RELEASE\THREADSAFEPACKETLOGGER.OBJ
F:\PROJECT-FINAL\WONDERLANDNET\CLIENT\WONDERLAND\RELEASE\TWOWAYAUTHENTICATION.OBJ
F:\PROJECT-FINAL\WONDERLANDNET\CLIENT\WONDERLAND\RELEASE\UDPFORWARDER.OBJ
F:\PROJECT-FINAL\WONDERLANDNET\CLIENT\WONDERLAND\RELEASE\UDPPROXYCLIENT.OBJ
F:\PROJECT-FINAL\WONDERLANDNET\CLIENT\WONDERLAND\RELEASE\UDPPROXYCOORDINATOR.OBJ
F:\PROJECT-FINAL\WONDERLANDNET\CLIENT\WONDERLAND\RELEASE\UDPPROXYSERVER.OBJ
F:\PROJECT-FINAL\WONDERLANDNET\CLIENT\WONDERLAND\RELEASE\UTILITY.OBJ
F:\PROJECT-FINAL\WONDERLANDNET\CLIENT\WONDERLAND\RELEASE\VARIABLEDELTASERIALIZER.OBJ
F:\PROJECT-FINAL\WONDERLANDNET\CLIENT\WONDERLAND\RELEASE\VARIABLELISTDELTATRACKER.OBJ
F:\PROJECT-FINAL\WONDERLANDNET\CLIENT\WONDERLAND\RELEASE\VARIADICSQLPARSER.OBJ
F:\PROJECT-FINAL\WONDERLANDNET\CLIENT\WONDERLAND\RELEASE\VC100.PDB
F:\PROJECT-FINAL\WONDERLANDNET\CLIENT\WONDERLAND\RELEASE\VITAINCLUDES.OBJ
F:\PROJECT-FINAL\WONDERLANDNET\CLIENT\WONDERLAND\RELEASE\WONDERLAND.EXE.INTERMEDIATE.MANIFEST
F:\PROJECT-FINAL\WONDERLANDNET\CLIENT\WONDERLAND\RELEASE\WONDERLAND.OBJ
F:\Project-Final\WonderLandNet\Client\WonderLand\Release\WonderLand.vcxprojResolveAssemblyReference.cache
F:\Project-Final\WonderLandNet\Client\WonderLand\Release\WonderLand.write.1.tlog
F:\PROJECT-FINAL\WONDERLANDNET\CLIENT\WONDERLAND\RELEASE\WSASTARTUPSINGLETON.OBJ
