E:\PROJECT\WONDERLANDNET\CLIENT\DEBUG\WONDERLAND.EXE
E:\PROJECT\WONDERLANDNET\CLIENT\DEBUG\WONDERLAND.ILK
E:\PROJECT\WONDERLANDNET\CLIENT\DEBUG\WONDERLAND.PDB
E:\PROJECT\WONDERLANDNET\CLIENT\WONDERLAND\DEBUG\_FINDFIRST.OBJ
E:\PROJECT\WONDERLANDNET\CLIENT\WONDERLAND\DEBUG\BITSTREAM.OBJ
E:\PROJECT\WONDERLANDNET\CLIENT\WONDERLAND\DEBUG\BUILDING.OBJ
E:\PROJECT\WONDERLANDNET\CLIENT\WONDERLAND\DEBUG\BUILDINGCOMMENTCONTENT.OBJ
E:\PROJECT\WONDERLANDNET\CLIENT\WONDERLAND\DEBUG\CCRAKNETSLIDINGWINDOW.OBJ
E:\PROJECT\WONDERLANDNET\CLIENT\WONDERLAND\DEBUG\CCRAKNETUDT.OBJ
E:\PROJECT\WONDERLANDNET\CLIENT\WONDERLAND\DEBUG\CHECKSUM.OBJ
E:\Project\WonderLandNet\Client\WonderLand\Debug\cl.command.1.tlog
E:\Project\WonderLandNet\Client\WonderLand\Debug\CL.read.1.tlog
E:\Project\WonderLandNet\Client\WonderLand\Debug\CL.write.1.tlog
E:\PROJECT\WONDERLANDNET\CLIENT\WONDERLAND\DEBUG\CLOUDCLIENT.OBJ
E:\PROJECT\WONDERLANDNET\CLIENT\WONDERLAND\DEBUG\CLOUDCOMMON.OBJ
E:\PROJECT\WONDERLANDNET\CLIENT\WONDERLAND\DEBUG\CLOUDSERVER.OBJ
E:\PROJECT\WONDERLANDNET\CLIENT\WONDERLAND\DEBUG\COMMANDPARSERINTERFACE.OBJ
E:\PROJECT\WONDERLANDNET\CLIENT\WONDERLAND\DEBUG\CONNECTIONGRAPH2.OBJ
E:\PROJECT\WONDERLANDNET\CLIENT\WONDERLAND\DEBUG\CONSOLESERVER.OBJ
E:\PROJECT\WONDERLANDNET\CLIENT\WONDERLAND\DEBUG\DATACOMPRESSOR.OBJ
E:\PROJECT\WONDERLANDNET\CLIENT\WONDERLAND\DEBUG\DIRECTORYDELTATRANSFER.OBJ
E:\PROJECT\WONDERLANDNET\CLIENT\WONDERLAND\DEBUG\DS_BYTEPOOL.OBJ
E:\PROJECT\WONDERLANDNET\CLIENT\WONDERLAND\DEBUG\DS_BYTEQUEUE.OBJ
E:\PROJECT\WONDERLANDNET\CLIENT\WONDERLAND\DEBUG\DS_HUFFMANENCODINGTREE.OBJ
E:\PROJECT\WONDERLANDNET\CLIENT\WONDERLAND\DEBUG\DS_TABLE.OBJ
E:\PROJECT\WONDERLANDNET\CLIENT\WONDERLAND\DEBUG\DYNDNS.OBJ
E:\PROJECT\WONDERLANDNET\CLIENT\WONDERLAND\DEBUG\EMAILSENDER.OBJ
E:\PROJECT\WONDERLANDNET\CLIENT\WONDERLAND\DEBUG\ENCODECLASSNAME.OBJ
E:\PROJECT\WONDERLANDNET\CLIENT\WONDERLAND\DEBUG\EPOCHTIMETOSTRING.OBJ
E:\PROJECT\WONDERLANDNET\CLIENT\WONDERLAND\DEBUG\FILELIST.OBJ
E:\PROJECT\WONDERLANDNET\CLIENT\WONDERLAND\DEBUG\FILELISTTRANSFER.OBJ
E:\PROJECT\WONDERLANDNET\CLIENT\WONDERLAND\DEBUG\FILEOPERATIONS.OBJ
E:\PROJECT\WONDERLANDNET\CLIENT\WONDERLAND\DEBUG\FILETRANSPER.OBJ
E:\PROJECT\WONDERLANDNET\CLIENT\WONDERLAND\DEBUG\FORMATSTRING.OBJ
E:\PROJECT\WONDERLANDNET\CLIENT\WONDERLAND\DEBUG\FULLYCONNECTEDMESH2.OBJ
E:\PROJECT\WONDERLANDNET\CLIENT\WONDERLAND\DEBUG\GETCHE.OBJ
E:\PROJECT\WONDERLANDNET\CLIENT\WONDERLAND\DEBUG\GETS.OBJ
E:\PROJECT\WONDERLANDNET\CLIENT\WONDERLAND\DEBUG\GETTIME.OBJ
E:\PROJECT\WONDERLANDNET\CLIENT\WONDERLAND\DEBUG\GETTIMEOFDAY.OBJ
E:\PROJECT\WONDERLANDNET\CLIENT\WONDERLAND\DEBUG\GRIDSECTORIZER.OBJ
E:\PROJECT\WONDERLANDNET\CLIENT\WONDERLAND\DEBUG\GUI.OBJ
E:\PROJECT\WONDERLANDNET\CLIENT\WONDERLAND\DEBUG\HTTPCONNECTION.OBJ
E:\PROJECT\WONDERLANDNET\CLIENT\WONDERLAND\DEBUG\INCREMENTALREADINTERFACE.OBJ
E:\PROJECT\WONDERLANDNET\CLIENT\WONDERLAND\DEBUG\ITOA.OBJ
E:\PROJECT\WONDERLANDNET\CLIENT\WONDERLAND\DEBUG\LANDMENU.OBJ
E:\Project\WonderLandNet\Client\WonderLand\Debug\link.command.1.tlog
E:\Project\WonderLandNet\Client\WonderLand\Debug\link.read.1.tlog
E:\Project\WonderLandNet\Client\WonderLand\Debug\link.write.1.tlog
E:\Project\WonderLandNet\Client\WonderLand\Debug\link-cvtres.read.1.tlog
E:\Project\WonderLandNet\Client\WonderLand\Debug\link-cvtres.write.1.tlog
E:\PROJECT\WONDERLANDNET\CLIENT\WONDERLAND\DEBUG\LINUXSTRINGS.OBJ
E:\PROJECT\WONDERLANDNET\CLIENT\WONDERLAND\DEBUG\LOCKLESSTYPES.OBJ
E:\PROJECT\WONDERLANDNET\CLIENT\WONDERLAND\DEBUG\LOGCOMMANDPARSER.OBJ
E:\PROJECT\WONDERLANDNET\CLIENT\WONDERLAND\DEBUG\MAIN.OBJ
E:\PROJECT\WONDERLANDNET\CLIENT\WONDERLAND\DEBUG\MESSAGEFILTER.OBJ
E:\Project\WonderLandNet\Client\WonderLand\Debug\mt.command.1.tlog
E:\Project\WonderLandNet\Client\WonderLand\Debug\mt.read.1.tlog
E:\Project\WonderLandNet\Client\WonderLand\Debug\mt.write.1.tlog
E:\PROJECT\WONDERLANDNET\CLIENT\WONDERLAND\DEBUG\NATPUNCHTHROUGHCLIENT.OBJ
E:\PROJECT\WONDERLANDNET\CLIENT\WONDERLAND\DEBUG\NATPUNCHTHROUGHSERVER.OBJ
E:\PROJECT\WONDERLANDNET\CLIENT\WONDERLAND\DEBUG\NATTYPEDETECTIONCLIENT.OBJ
E:\PROJECT\WONDERLANDNET\CLIENT\WONDERLAND\DEBUG\NATTYPEDETECTIONCOMMON.OBJ
E:\PROJECT\WONDERLANDNET\CLIENT\WONDERLAND\DEBUG\NATTYPEDETECTIONSERVER.OBJ
E:\PROJECT\WONDERLANDNET\CLIENT\WONDERLAND\DEBUG\NETCLIENT.OBJ
E:\PROJECT\WONDERLANDNET\CLIENT\WONDERLAND\DEBUG\NETWORKIDMANAGER.OBJ
E:\PROJECT\WONDERLANDNET\CLIENT\WONDERLAND\DEBUG\NETWORKIDOBJECT.OBJ
E:\PROJECT\WONDERLANDNET\CLIENT\WONDERLAND\DEBUG\OTHERCLIENT.OBJ
E:\PROJECT\WONDERLANDNET\CLIENT\WONDERLAND\DEBUG\PACKETCONSOLELOGGER.OBJ
E:\PROJECT\WONDERLANDNET\CLIENT\WONDERLAND\DEBUG\PACKETFILELOGGER.OBJ
E:\PROJECT\WONDERLANDNET\CLIENT\WONDERLAND\DEBUG\PACKETIZEDTCP.OBJ
E:\PROJECT\WONDERLANDNET\CLIENT\WONDERLAND\DEBUG\PACKETLOGGER.OBJ
E:\PROJECT\WONDERLANDNET\CLIENT\WONDERLAND\DEBUG\PACKETOUTPUTWINDOWLOGGER.OBJ
E:\PROJECT\WONDERLANDNET\CLIENT\WONDERLAND\DEBUG\PLUGININTERFACE2.OBJ
E:\PROJECT\WONDERLANDNET\CLIENT\WONDERLAND\DEBUG\RACKSPACE.OBJ
E:\PROJECT\WONDERLANDNET\CLIENT\WONDERLAND\DEBUG\RAKMEMORYOVERRIDE.OBJ
E:\PROJECT\WONDERLANDNET\CLIENT\WONDERLAND\DEBUG\RAKNETCOMMANDPARSER.OBJ
E:\PROJECT\WONDERLANDNET\CLIENT\WONDERLAND\DEBUG\RAKNETSOCKET.OBJ
E:\PROJECT\WONDERLANDNET\CLIENT\WONDERLAND\DEBUG\RAKNETSTATISTICS.OBJ
E:\PROJECT\WONDERLANDNET\CLIENT\WONDERLAND\DEBUG\RAKNETTRANSPORT2.OBJ
E:\PROJECT\WONDERLANDNET\CLIENT\WONDERLAND\DEBUG\RAKNETTYPES.OBJ
E:\PROJECT\WONDERLANDNET\CLIENT\WONDERLAND\DEBUG\RAKPEER.OBJ
E:\PROJECT\WONDERLANDNET\CLIENT\WONDERLAND\DEBUG\RAKSLEEP.OBJ
E:\PROJECT\WONDERLANDNET\CLIENT\WONDERLAND\DEBUG\RAKSTRING.OBJ
E:\PROJECT\WONDERLANDNET\CLIENT\WONDERLAND\DEBUG\RAKTHREAD.OBJ
E:\PROJECT\WONDERLANDNET\CLIENT\WONDERLAND\DEBUG\RAKWSTRING.OBJ
E:\PROJECT\WONDERLANDNET\CLIENT\WONDERLAND\DEBUG\RAND.OBJ
E:\Project\WonderLandNet\Client\WonderLand\Debug\rc.command.1.tlog
E:\Project\WonderLandNet\Client\WonderLand\Debug\rc.read.1.tlog
E:\Project\WonderLandNet\Client\WonderLand\Debug\rc.write.1.tlog
E:\PROJECT\WONDERLANDNET\CLIENT\WONDERLAND\DEBUG\RDLMALLOC.OBJ
E:\PROJECT\WONDERLANDNET\CLIENT\WONDERLAND\DEBUG\READYEVENT.OBJ
E:\PROJECT\WONDERLANDNET\CLIENT\WONDERLAND\DEBUG\RELIABILITYLAYER.OBJ
E:\PROJECT\WONDERLANDNET\CLIENT\WONDERLAND\DEBUG\REPLICAMANAGER3.OBJ
E:\PROJECT\WONDERLANDNET\CLIENT\WONDERLAND\DEBUG\ROUTER2.OBJ
E:\PROJECT\WONDERLANDNET\CLIENT\WONDERLAND\DEBUG\RPC4PLUGIN.OBJ
E:\PROJECT\WONDERLANDNET\CLIENT\WONDERLAND\DEBUG\SCENE.OBJ
E:\PROJECT\WONDERLANDNET\CLIENT\WONDERLAND\DEBUG\SECUREHANDSHAKE.OBJ
E:\PROJECT\WONDERLANDNET\CLIENT\WONDERLAND\DEBUG\SENDTOTHREAD.OBJ
E:\PROJECT\WONDERLANDNET\CLIENT\WONDERLAND\DEBUG\SHA1.OBJ
E:\PROJECT\WONDERLANDNET\CLIENT\WONDERLAND\DEBUG\SIGNALEDEVENT.OBJ
E:\PROJECT\WONDERLANDNET\CLIENT\WONDERLAND\DEBUG\SIMPLEMUTEX.OBJ
E:\PROJECT\WONDERLANDNET\CLIENT\WONDERLAND\DEBUG\SOCKETLAYER.OBJ
E:\PROJECT\WONDERLANDNET\CLIENT\WONDERLAND\DEBUG\STATISTICSHISTORY.OBJ
E:\PROJECT\WONDERLANDNET\CLIENT\WONDERLAND\DEBUG\STRINGCOMPRESSOR.OBJ
E:\PROJECT\WONDERLANDNET\CLIENT\WONDERLAND\DEBUG\STRINGTABLE.OBJ
E:\PROJECT\WONDERLANDNET\CLIENT\WONDERLAND\DEBUG\SUPERFASTHASH.OBJ
E:\PROJECT\WONDERLANDNET\CLIENT\WONDERLAND\DEBUG\TABLESERIALIZER.OBJ
E:\PROJECT\WONDERLANDNET\CLIENT\WONDERLAND\DEBUG\TCPINTERFACE.OBJ
E:\PROJECT\WONDERLANDNET\CLIENT\WONDERLAND\DEBUG\TEAMBALANCER.OBJ
E:\PROJECT\WONDERLANDNET\CLIENT\WONDERLAND\DEBUG\TEAMMANAGER.OBJ
E:\PROJECT\WONDERLANDNET\CLIENT\WONDERLAND\DEBUG\TELNETTRANSPORT.OBJ
E:\PROJECT\WONDERLANDNET\CLIENT\WONDERLAND\DEBUG\THREADSAFEPACKETLOGGER.OBJ
E:\PROJECT\WONDERLANDNET\CLIENT\WONDERLAND\DEBUG\TWOWAYAUTHENTICATION.OBJ
E:\PROJECT\WONDERLANDNET\CLIENT\WONDERLAND\DEBUG\UDPFORWARDER.OBJ
E:\PROJECT\WONDERLANDNET\CLIENT\WONDERLAND\DEBUG\UDPPROXYCLIENT.OBJ
E:\PROJECT\WONDERLANDNET\CLIENT\WONDERLAND\DEBUG\UDPPROXYCOORDINATOR.OBJ
E:\PROJECT\WONDERLANDNET\CLIENT\WONDERLAND\DEBUG\UDPPROXYSERVER.OBJ
E:\PROJECT\WONDERLANDNET\CLIENT\WONDERLAND\DEBUG\UTILITY.OBJ
E:\PROJECT\WONDERLANDNET\CLIENT\WONDERLAND\DEBUG\VARIABLEDELTASERIALIZER.OBJ
E:\PROJECT\WONDERLANDNET\CLIENT\WONDERLAND\DEBUG\VARIABLELISTDELTATRACKER.OBJ
E:\PROJECT\WONDERLANDNET\CLIENT\WONDERLAND\DEBUG\VARIADICSQLPARSER.OBJ
E:\Project\WonderLandNet\Client\WonderLand\Debug\vc100.idb
E:\PROJECT\WONDERLANDNET\CLIENT\WONDERLAND\DEBUG\VC100.PDB
E:\PROJECT\WONDERLANDNET\CLIENT\WONDERLAND\DEBUG\VITAINCLUDES.OBJ
E:\PROJECT\WONDERLANDNET\CLIENT\WONDERLAND\DEBUG\WONDERLAND.EXE.EMBED.MANIFEST
E:\PROJECT\WONDERLANDNET\CLIENT\WONDERLAND\DEBUG\WONDERLAND.EXE.EMBED.MANIFEST.RES
E:\PROJECT\WONDERLANDNET\CLIENT\WONDERLAND\DEBUG\WONDERLAND.EXE.INTERMEDIATE.MANIFEST
E:\PROJECT\WONDERLANDNET\CLIENT\WONDERLAND\DEBUG\WONDERLAND.OBJ
E:\Project\WonderLandNet\Client\WonderLand\Debug\WonderLand_manifest.rc
E:\PROJECT\WONDERLANDNET\CLIENT\WONDERLAND\DEBUG\WSASTARTUPSINGLETON.OBJ
